<?xml version="1.0" encoding="UTF-8"?>
<!-- Generated by org.testng.reporters.JUnitXMLReporter -->
<testsuite hostname="PC201808011230" name="Default test" tests="3" failures="0" timestamp="6 Dec 2019 07:09:29 GMT" time="0.024" errors="0">
  <testcase name="test1" time="0.007" classname="com.test.git.testNG.multiThread.multiThreadOnXmlTest"/>
  <testcase name="test2" time="0.001" classname="com.test.git.testNG.multiThread.multiThreadOnXmlTest"/>
  <testcase name="test3" time="0.001" classname="com.test.git.testNG.multiThread.multiThreadOnXmlTest"/>
</testsuite> <!-- Default test -->
