<?xml version="1.0" encoding="UTF-8"?>
<!-- Generated by org.testng.reporters.JUnitXMLReporter -->
<testsuite hostname="PC201808011230" name="OnlyrunStu" tests="4" failures="0" timestamp="5 Dec 2019 05:52:14 GMT" time="0.007" errors="0">
  <testcase name="study1" time="0.001" classname="com.test.git.testNG.groups.GroupsOnClass1"/>
  <testcase name="study2" time="0.0" classname="com.test.git.testNG.groups.GroupsOnClass1"/>
  <testcase name="stu1" time="0.0" classname="com.test.git.testNG.groups.GroupsOnClass2"/>
  <testcase name="stu2" time="0.001" classname="com.test.git.testNG.groups.GroupsOnClass2"/>
</testsuite> <!-- OnlyrunStu -->
