<?xml version="1.0" encoding="UTF-8"?>
<testng-results skipped="0" failed="0" total="1" passed="1">
  <reporter-output>
  </reporter-output>
  <suite name="parameter" duration-ms="25" started-at="2019-12-05T07:58:23Z" finished-at="2019-12-05T07:58:23Z">
    <groups>
    </groups>
    <test name="param" duration-ms="25" started-at="2019-12-05T07:58:23Z" finished-at="2019-12-05T07:58:23Z">
      <class name="com.test.git.testNG.Parameter.PeramterTest">
        <test-method status="PASS" signature="param(java.lang.String, int)[pri:0, instance:com.test.git.testNG.Parameter.PeramterTest@50c87b21]" name="param" duration-ms="7" started-at="2019-12-05T15:58:23Z" finished-at="2019-12-05T15:58:23Z">
          <params>
            <param index="0">
              <value>
                <![CDATA[小鱼]]>
              </value>
            </param>
            <param index="1">
              <value>
                <![CDATA[18]]>
              </value>
            </param>
          </params>
          <reporter-output>
          </reporter-output>
        </test-method> <!-- param -->
      </class> <!-- com.test.git.testNG.Parameter.PeramterTest -->
    </test> <!-- param -->
  </suite> <!-- parameter -->
</testng-results>
